<?xml version="1.0" encoding="UTF-8"?>
<!-- Generated by org.testng.reporters.JUnitReportReporter -->
<testsuite skipped="0" hostname="Minky-PC" name="com.tacx.testcases.WorkoutsPageTest" tests="2" failures="0" timestamp="2020-12-11T21:05:15 CET" time="29.955" errors="0">
  <testcase name="verifyTitleAndWorkOutName" time="14.512" classname="com.tacx.testcases.WorkoutsPageTest"/>
  <system-out/>
  <testcase name="verifyWorkoutTitleName" time="15.443" classname="com.tacx.testcases.WorkoutsPageTest"/>
  <system-out/>
</testsuite> <!-- com.tacx.testcases.WorkoutsPageTest -->
