<?xml version="1.0" encoding="UTF-8"?>
<!-- Generated by org.testng.reporters.JUnitReportReporter -->
<testsuite skipped="0" hostname="Minky-PC" name="com.tacx.testcases.HomePageTest" tests="2" failures="0" timestamp="2020-12-11T21:05:15 CET" time="25.460" errors="0">
  <testcase name="verifyDashBoardUrl" time="11.186" classname="com.tacx.testcases.HomePageTest"/>
  <system-out/>
  <testcase name="verifyTacxLogo" time="14.274" classname="com.tacx.testcases.HomePageTest"/>
  <system-out/>
</testsuite> <!-- com.tacx.testcases.HomePageTest -->
