<?xml version="1.0" encoding="UTF-8"?>
<!-- Generated by org.testng.reporters.JUnitReportReporter -->
<testsuite skipped="0" hostname="Minky-PC" name="com.tacx.testcases.CreateAccountPageTest" tests="2" failures="0" timestamp="2020-12-11T21:05:15 CET" time="20.515" errors="0">
  <testcase name="verifyAccountsCreatedSucessfully" time="10.399" classname="com.tacx.testcases.CreateAccountPageTest"/>
  <system-out/>
  <testcase name="verifyUserAlreadyExitsMessage" time="10.116" classname="com.tacx.testcases.CreateAccountPageTest"/>
  <system-out/>
</testsuite> <!-- com.tacx.testcases.CreateAccountPageTest -->
