<?xml version="1.0" encoding="UTF-8"?>
<!-- Generated by org.testng.reporters.JUnitReportReporter -->
<testsuite skipped="0" hostname="Minky-PC" name="com.tacx.testcases.DistanceSelectionPageTest" tests="2" failures="0" timestamp="2020-12-11T21:05:15 CET" time="25.996" errors="0">
  <testcase name="verifyDistanceValue" time="14.169" classname="com.tacx.testcases.DistanceSelectionPageTest"/>
  <system-out/>
  <testcase name="verifyCreateText" time="11.827" classname="com.tacx.testcases.DistanceSelectionPageTest"/>
  <system-out/>
</testsuite> <!-- com.tacx.testcases.DistanceSelectionPageTest -->
