<?xml version="1.0" encoding="UTF-8"?>
<!-- Generated by org.testng.reporters.JUnitReportReporter -->
<testsuite skipped="0" hostname="Minky-PC" name="com.tacx.testcases.CreateWorkoutTest" tests="2" failures="0" timestamp="2020-12-11T21:05:15 CET" time="23.171" errors="0">
  <testcase name="verifyDistanceClicked" time="12.274" classname="com.tacx.testcases.CreateWorkoutTest"/>
  <system-out/>
  <testcase name="verifyDashBoardUrl" time="10.897" classname="com.tacx.testcases.CreateWorkoutTest"/>
  <system-out/>
</testsuite> <!-- com.tacx.testcases.CreateWorkoutTest -->
