<?xml version="1.0" encoding="UTF-8"?>
<!-- Generated by org.testng.reporters.JUnitReportReporter -->
<testsuite skipped="0" hostname="Minky-PC" name="com.tacx.testcases.SignupPageTest" tests="2" failures="0" timestamp="2020-12-11T21:05:15 CET" time="17.905" errors="0">
  <testcase name="verifyHomePageTitleTest" time="7.260" classname="com.tacx.testcases.SignupPageTest"/>
  <system-out/>
  <testcase name="verifyCreateAccountButtonRedirectsToCreatePage" time="10.645" classname="com.tacx.testcases.SignupPageTest"/>
  <system-out/>
</testsuite> <!-- com.tacx.testcases.SignupPageTest -->
